Arguments: 
  /Users/simonedimauro/.nvm/versions/node/v12.21.0/bin/node /Users/simonedimauro/Documents/Repo/react-navigation/react-navigation/.yarn/releases/yarn-1.22.10.cjs run prepare

PATH: 
  /Users/simonedimauro/anaconda3/bin:/Library/Java/JavaVirtualMachines/jdk1.8.0_231.jdk/Contents/Home/bin:/Users/simonedimauro/.nvm/versions/node/v12.21.0/bin:/Users/simonedimauro/bin:/usr/local/bin:/usr/local/bin:/usr/bin:/bin:/usr/sbin:/sbin:/Library/Apple/usr/bin:/Users/simonedimauro/anaconda3/bin:/Library/Java/JavaVirtualMachines/jdk1.8.0_231.jdk/Contents/Home/bin:/Users/simonedimauro/.nvm/versions/node/v12.21.0/bin:/Users/simonedimauro/bin:/Users/simonedimauro/Library/Android/sdk/emulator:/Users/simonedimauro/Library/Android/sdk/tools:/Users/simonedimauro/Library/Android/sdk/tools/bin:/Users/simonedimauro/Library/Android/sdk/platform-tools}:/usr/local/go/bin:/Users/simonedimauro/go/bin:/usr/local/bin/code:/Users/simonedimauro/Library/Android/sdk/emulator:/Users/simonedimauro/Library/Android/sdk/tools:/Users/simonedimauro/Library/Android/sdk/tools/bin:/Users/simonedimauro/Library/Android/sdk/platform-tools}:/usr/local/go/bin:/usr/local/go/bin:/Users/simonedimauro/go/bin:/usr/local/bin/code

Yarn version: 
  1.22.10

Node version: 
  12.21.0

Platform: 
  darwin x64

Trace: 
  SyntaxError: /Users/simonedimauro/Documents/Repo/react-navigation/react-navigation/package.json: Unexpected string in JSON at position 20
      at JSON.parse (<anonymous>)
      at /Users/simonedimauro/Documents/Repo/react-navigation/react-navigation/.yarn/releases/yarn-1.22.10.cjs:1098:57
      at Generator.next (<anonymous>)
      at step (/Users/simonedimauro/Documents/Repo/react-navigation/react-navigation/.yarn/releases/yarn-1.22.10.cjs:310:30)
      at /Users/simonedimauro/Documents/Repo/react-navigation/react-navigation/.yarn/releases/yarn-1.22.10.cjs:321:13

npm manifest: 
  {
    "name": "@react-navigation/drawer",
    "description": "Drawer navigator component with animated transitions and gesturess",
    "version": "6.1.8",
    "keywords": [
      "react-native-component",
      "react-component",
      "react-native",
      "react-navigation",
      "ios",
      "android",
      "material",
      "drawer"
    ],
    "license": "MIT",
    "repository": {
      "type": "git",
      "url": "https://github.com/react-navigation/react-navigation.git",
      "directory": "packages/drawer"
    },
    "bugs": {
      "url": "https://github.com/react-navigation/react-navigation/issues"
    },
    "homepage": "https://reactnavigation.org/docs/drawer-navigator/",
    "main": "lib/commonjs/index.js",
    "react-native": "src/index.tsx",
    "source": "src/index.tsx",
    "module": "lib/module/index.js",
    "types": "lib/typescript/src/index.d.ts",
    "files": [
      "src",
      "lib",
      "!**/__tests__"
    ],
    "sideEffects": false,
    "publishConfig": {
      "access": "public"
    },
    "scripts": {
      "prepare": "bob build",
      "clean": "del lib"
    },
    "dependencies": {
      "@react-navigation/elements": "^1.2.1",
      "color": "^3.1.3",
      "warn-once": "^0.1.0"
    },
    "devDependencies": {
      "@react-navigation/native": "^6.0.6",
      "@testing-library/react-native": "^7.2.0",
      "@types/react": "^17.0.9",
      "@types/react-native": "~0.64.9",
      "del-cli": "^3.0.1",
      "react": "~16.13.1",
      "react-native": "~0.63.4",
      "react-native-builder-bob": "^0.18.1",
      "react-native-gesture-handler": "~1.10.2",
      "react-native-reanimated": "~2.2.0",
      "react-native-safe-area-context": "~3.2.0",
      "react-native-screens": "2.16.1",
      "typescript": "^4.3.2"
    },
    "peerDependencies": {
      "@react-navigation/native": "^6.0.0",
      "react": "*",
      "react-native": "*",
      "react-native-gesture-handler": ">= 1.0.0",
      "react-native-reanimated": ">= 1.0.0",
      "react-native-safe-area-context": ">= 3.0.0",
      "react-native-screens": "2.16.1"
    },
    "react-native-builder-bob": {
      "source": "src",
      "output": "lib",
      "targets": [
        "commonjs",
        "module",
        [
          "typescript",
          {
            "project": "tsconfig.build.json"
          }
        ]
      ]
    }
  }

yarn manifest: 
  No manifest

Lockfile: 
  No lockfile
